1. Human vs. Human
2. Human vs. AI
3. AI vs AI
Input Command: Start Human vs. AI
  A   B   C 
+---+---+---+
| - | - | - | 1
+---+---+---+
| - | - | - | 2
+---+---+---+
| - | - | - | 3
+---+---+---+
Who first? (1. AI, 2. Human)
  A   B   C 
+---+---+---+
| O | - | - | 1
+---+---+---+
| - | - | - | 2
+---+---+---+
| - | - | - | 3
+---+---+---+
  A   B   C 
+---+---+---+
| O | - | - | 1
+---+---+---+
| - | X | - | 2
+---+---+---+
| - | - | - | 3
+---+---+---+
  A   B   C 
+---+---+---+
| O | O | - | 1
+---+---+---+
| - | X | - | 2
+---+---+---+
| - | - | - | 3
+---+---+---+
  A   B   C 
+---+---+---+
| O | O | X | 1
+---+---+---+
| - | X | - | 2
+---+---+---+
| - | - | - | 3
+---+---+---+
  A   B   C 
+---+---+---+
| O | O | X | 1
+---+---+---+
| O | X | - | 2
+---+---+---+
| - | - | - | 3
+---+---+---+
  A   B   C 
+---+---+---+
| O | O | X | 1
+---+---+---+
| O | X | - | 2
+---+---+---+
| X | - | - | 3
+---+---+---+
Winner is X.
